Arguments: 
  /Users/maximejoyeux/.nvm/versions/node/v8.10.0/bin/node /usr/local/bin/yarn init

PATH: 
  /Users/maximejoyeux/.nvm/versions/node/v8.10.0/bin:/Users/maximejoyeux/Library/Android/sdk/platform-tools:/usr/local/mysql/bin:/usr/local/bin:/usr/bin:/bin:/usr/sbin:/sbin:/Users/maximejoyeux/.nvm/versions/node/v8.10.0/bin:/Users/maximejoyeux/Library/Android/sdk/platform-tools:/usr/local/mysql/bin

Yarn version: 
  1.22.4

Node version: 
  8.10.0

Platform: 
  darwin x64

Trace: 
  Error: canceled
      at Interface.<anonymous> (/usr/local/lib/node_modules/yarn/lib/cli.js:137008:13)
      at emitNone (events.js:106:13)
      at Interface.emit (events.js:208:7)
      at Interface._ttyWrite (readline.js:775:16)
      at ReadStream.onkeypress (readline.js:160:10)
      at emitTwo (events.js:126:13)
      at ReadStream.emit (events.js:214:7)
      at emitKeys (internal/readline.js:420:14)
      at emitKeys.next (<anonymous>)
      at ReadStream.onData (readline.js:1011:36)

npm manifest: 
  {
    "name": "vue-carousel-bulma",
    "version": "1.0.0",
    "description": "VueJs carousel component build with Bulma",
    "author": "Maxime Joyeux <maxime.mjoyeux@gmail.com>",
    "scripts": {
      "dev": "cross-env NODE_ENV=development webpack-dev-server --open --inline --hot",
      "build": "cross-env NODE_ENV=production webpack --progress --hide-modules"
    },
    "dependencies": {
      "bulma": "^0.9.1",
      "vue": "^2.6.12"
    }
  }

yarn manifest: 
  No manifest

Lockfile: 
  # THIS IS AN AUTOGENERATED FILE. DO NOT EDIT THIS FILE DIRECTLY.
  # yarn lockfile v1
  
  
  bulma@^0.9.1:
    version "0.9.1"
    resolved "https://registry.yarnpkg.com/bulma/-/bulma-0.9.1.tgz#2bf0e25062a22166db5c92e8c3dcb4605ab040d8"
    integrity sha512-LSF69OumXg2HSKl2+rN0/OEXJy7WFEb681wtBlNS/ulJYR27J3rORHibdXZ6GVb/vyUzzYK/Arjyh56wjbFedA==
  
  vue@^2.6.12:
    version "2.6.12"
    resolved "https://registry.yarnpkg.com/vue/-/vue-2.6.12.tgz#f5ebd4fa6bd2869403e29a896aed4904456c9123"
    integrity sha512-uhmLFETqPPNyuLLbsKz6ioJ4q7AZHzD8ZVFNATNyICSZouqP2Sz0rotWQC8UNBF6VGSCs5abnKJoStA6JbCbfg==
